<?xml version="1.0" encoding="UTF-8"?>
<robot generator="Robot 4.1.3 (Python 3.9.9 on win32)" generated="20220201 16:44:13.318" rpa="false" schemaversion="2">
<suite id="s1" name="Custom" source="C:\Users\emil.besic\test_auto_exercises\Custom_python_libraries\tests\custom.robot">
<test id="s1-t1" name="Go to iltasanomat and get the mSost recent time">
<kw name="Open browser to main page" library="custom_resource">
<kw name="Open Browser" library="QWeb">
<arg>${url}</arg>
<arg>${BROWSER}</arg>
<tag>Browser</tag>
<tag>Interaction</tag>
<doc>Open new browser to given url.</doc>
<msg timestamp="20220201 16:44:13.862" level="INFO">
QWeb version number: 1.2.4</msg>
<msg timestamp="20220201 16:44:14.911" level="INFO">Browser: chrome</msg>
<msg timestamp="20220201 16:44:14.911" level="INFO">Browser version: 97.0.4692.99</msg>
<msg timestamp="20220201 16:44:14.911" level="INFO">Chromedriver version: 96.0.4664.45 (76e4c1bb2ab4671b8beba3444e61c0f17584b2fc-refs/branch-heads/4664@{#947})</msg>
<status status="PASS" starttime="20220201 16:44:13.862" endtime="20220201 16:44:15.867"/>
</kw>
<kw name="Sleep" library="BuiltIn">
<arg>2s</arg>
<doc>Pauses the test executed for the given time.</doc>
<msg timestamp="20220201 16:44:17.876" level="INFO">Slept 2 seconds</msg>
<status status="PASS" starttime="20220201 16:44:15.867" endtime="20220201 16:44:17.876"/>
</kw>
<kw name="Click Text" library="QWeb">
<arg>Salli kaikki</arg>
<tag>Interaction</tag>
<tag>Text</tag>
<doc>Click text on web page.</doc>
<status status="PASS" starttime="20220201 16:44:17.876" endtime="20220201 16:44:17.920"/>
</kw>
<status status="PASS" starttime="20220201 16:44:13.861" endtime="20220201 16:44:17.921"/>
</kw>
<kw name="Testing type date enc" library="custom_resource">
<kw name="Type Date Enc" library="custom_qweb_lib">
<var>${date}</var>
<arg>${input_field}</arg>
<arg>${next_day}</arg>
<msg timestamp="20220201 16:44:18.008" level="INFO">${date} = 3.02.2022</msg>
<status status="PASS" starttime="20220201 16:44:17.922" endtime="20220201 16:44:18.008"/>
</kw>
<kw name="Log To Console" library="BuiltIn">
<arg>${date}</arg>
<doc>Logs the given message to the console.</doc>
<status status="PASS" starttime="20220201 16:44:18.009" endtime="20220201 16:44:18.009"/>
</kw>
<status status="PASS" starttime="20220201 16:44:17.921" endtime="20220201 16:44:18.009"/>
</kw>
<status status="PASS" starttime="20220201 16:44:13.861" endtime="20220201 16:44:18.009"/>
</test>
<status status="PASS" starttime="20220201 16:44:13.319" endtime="20220201 16:44:18.010"/>
</suite>
<statistics>
<total>
<stat pass="1" fail="0" skip="0">All Tests</stat>
</total>
<tag>
</tag>
<suite>
<stat pass="1" fail="0" skip="0" id="s1" name="Custom">Custom</stat>
</suite>
</statistics>
<errors>
</errors>
</robot>
