<?xml version="1.0" encoding="UTF-8"?>
<robot generator="Robot 4.1.3 (Python 3.9.9 on win32)" generated="20220127 12:56:05.050" rpa="false" schemaversion="2">
<suite id="s1" name="Ex4 Test" source="C:\Users\emil.besic\test_auto_exercises\Exercise_set_3\tests\ex4_test.robot">
<test id="s1-t1" name="Go to iltasanomat and get the mSost recent time">
<kw name="Open browser to main page" library="ex4_resource">
<kw name="Open Browser" library="QWeb">
<arg>${url}</arg>
<arg>${BROWSER}</arg>
<tag>Browser</tag>
<tag>Interaction</tag>
<doc>Open new browser to given url.</doc>
<msg timestamp="20220127 12:56:14.984" level="INFO">
QWeb version number: 1.2.4</msg>
<msg timestamp="20220127 12:56:16.073" level="INFO">Browser: chrome</msg>
<msg timestamp="20220127 12:56:16.073" level="INFO">Browser version: 97.0.4692.99</msg>
<msg timestamp="20220127 12:56:16.073" level="INFO">Chromedriver version: 96.0.4664.45 (76e4c1bb2ab4671b8beba3444e61c0f17584b2fc-refs/branch-heads/4664@{#947})</msg>
<status status="PASS" starttime="20220127 12:56:14.984" endtime="20220127 12:56:18.472"/>
</kw>
<kw name="Sleep" library="BuiltIn">
<arg>2s</arg>
<doc>Pauses the test executed for the given time.</doc>
<msg timestamp="20220127 12:56:20.476" level="INFO">Slept 2 seconds</msg>
<status status="PASS" starttime="20220127 12:56:18.472" endtime="20220127 12:56:20.476"/>
</kw>
<kw name="Click Text" library="QWeb">
<arg>Hyväksy kaikki evästeet</arg>
<tag>Interaction</tag>
<tag>Text</tag>
<doc>Click text on web page.</doc>
<status status="PASS" starttime="20220127 12:56:20.476" endtime="20220127 12:56:20.569"/>
</kw>
<kw name="Click Element" library="QWeb">
<arg>close</arg>
<arg>tag=button</arg>
<tag>Interaction</tag>
<doc>Click element specified by xpath.</doc>
<status status="PASS" starttime="20220127 12:56:20.569" endtime="20220127 12:56:20.671"/>
</kw>
<status status="PASS" starttime="20220127 12:56:14.984" endtime="20220127 12:56:20.671"/>
</kw>
<kw name="Search for item info" library="ex4_resource">
<kw name="GetIngNameAndAmount" library="ex4_resource">
<var>${names}</var>
<var>${amounts}</var>
<arg>${file_path}</arg>
<kw name="Get File" library="OperatingSystem">
<var>${file_contents}</var>
<arg>${input}</arg>
<doc>Returns the contents of a specified file.</doc>
<msg timestamp="20220127 12:56:20.673" level="INFO" html="true">Getting file '&lt;a href="file://C:\Users\emil.besic\test_auto_exercises\Exercise_set_3\files\2022.1.25.txt"&gt;C:\Users\emil.besic\test_auto_exercises\Exercise_set_3\files\2022.1.25.txt&lt;/a&gt;'.</msg>
<msg timestamp="20220127 12:56:20.673" level="INFO">${file_contents} = 250 g margariini
2.5 dl sokeri
1 kpl muna
5 dl vehnäjauho
1 tl leivinjauhe
400 g mustikka</msg>
<status status="PASS" starttime="20220127 12:56:20.672" endtime="20220127 12:56:20.673"/>
</kw>
<kw name="Create List" library="BuiltIn">
<var>${ing_names}</var>
<doc>Returns a list containing given items.</doc>
<msg timestamp="20220127 12:56:20.674" level="INFO">${ing_names} = []</msg>
<status status="PASS" starttime="20220127 12:56:20.673" endtime="20220127 12:56:20.674"/>
</kw>
<kw name="Create List" library="BuiltIn">
<var>${ing_amounts}</var>
<doc>Returns a list containing given items.</doc>
<msg timestamp="20220127 12:56:20.674" level="INFO">${ing_amounts} = []</msg>
<status status="PASS" starttime="20220127 12:56:20.674" endtime="20220127 12:56:20.674"/>
</kw>
<kw name="Get Line Count" library="String">
<var>${line_count}</var>
<arg>${file_contents}</arg>
<doc>Returns and logs the number of lines in the given string.</doc>
<msg timestamp="20220127 12:56:20.674" level="INFO">6 lines</msg>
<msg timestamp="20220127 12:56:20.674" level="INFO">${line_count} = 6</msg>
<status status="PASS" starttime="20220127 12:56:20.674" endtime="20220127 12:56:20.674"/>
</kw>
<for flavor="IN RANGE">
<var>${i}</var>
<value>${line_count}</value>
<iter>
<var name="${i}">0</var>
<kw name="Get Line" library="String">
<var>${ing}</var>
<arg>${file_contents}</arg>
<arg>${i}</arg>
<doc>Returns the specified line from the given ``string``.</doc>
<msg timestamp="20220127 12:56:20.675" level="INFO">${ing} = 250 g margariini</msg>
<status status="PASS" starttime="20220127 12:56:20.674" endtime="20220127 12:56:20.675"/>
</kw>
<kw name="Split String" library="String">
<var>${split_ing}</var>
<arg>${ing}</arg>
<doc>Splits the ``string`` using ``separator`` as a delimiter string.</doc>
<msg timestamp="20220127 12:56:20.675" level="INFO">${split_ing} = ['250', 'g', 'margariini']</msg>
<status status="PASS" starttime="20220127 12:56:20.675" endtime="20220127 12:56:20.675"/>
</kw>
<kw name="Set Variable" library="BuiltIn">
<var>${ing_name}</var>
<arg>${split_ing}[2]</arg>
<doc>Returns the given values which can then be assigned to a variables.</doc>
<msg timestamp="20220127 12:56:20.675" level="INFO">${ing_name} = margariini</msg>
<status status="PASS" starttime="20220127 12:56:20.675" endtime="20220127 12:56:20.675"/>
</kw>
<kw name="Set Variable" library="BuiltIn">
<var>${ing_amount}</var>
<arg>${split_ing}[0]${split_ing}[1]</arg>
<doc>Returns the given values which can then be assigned to a variables.</doc>
<msg timestamp="20220127 12:56:20.676" level="INFO">${ing_amount} = 250g</msg>
<status status="PASS" starttime="20220127 12:56:20.675" endtime="20220127 12:56:20.676"/>
</kw>
<kw name="Append To List" library="Collections">
<arg>${ing_names}</arg>
<arg>${ing_name}</arg>
<doc>Adds ``values`` to the end of ``list``.</doc>
<status status="PASS" starttime="20220127 12:56:20.676" endtime="20220127 12:56:20.676"/>
</kw>
<kw name="Append To List" library="Collections">
<arg>${ing_amounts}</arg>
<arg>${ing_amount}</arg>
<doc>Adds ``values`` to the end of ``list``.</doc>
<status status="PASS" starttime="20220127 12:56:20.676" endtime="20220127 12:56:20.676"/>
</kw>
<status status="PASS" starttime="20220127 12:56:20.674" endtime="20220127 12:56:20.676"/>
</iter>
<iter>
<var name="${i}">1</var>
<kw name="Get Line" library="String">
<var>${ing}</var>
<arg>${file_contents}</arg>
<arg>${i}</arg>
<doc>Returns the specified line from the given ``string``.</doc>
<msg timestamp="20220127 12:56:20.676" level="INFO">${ing} = 2.5 dl sokeri</msg>
<status status="PASS" starttime="20220127 12:56:20.676" endtime="20220127 12:56:20.677"/>
</kw>
<kw name="Split String" library="String">
<var>${split_ing}</var>
<arg>${ing}</arg>
<doc>Splits the ``string`` using ``separator`` as a delimiter string.</doc>
<msg timestamp="20220127 12:56:20.677" level="INFO">${split_ing} = ['2.5', 'dl', 'sokeri']</msg>
<status status="PASS" starttime="20220127 12:56:20.677" endtime="20220127 12:56:20.677"/>
</kw>
<kw name="Set Variable" library="BuiltIn">
<var>${ing_name}</var>
<arg>${split_ing}[2]</arg>
<doc>Returns the given values which can then be assigned to a variables.</doc>
<msg timestamp="20220127 12:56:20.677" level="INFO">${ing_name} = sokeri</msg>
<status status="PASS" starttime="20220127 12:56:20.677" endtime="20220127 12:56:20.677"/>
</kw>
<kw name="Set Variable" library="BuiltIn">
<var>${ing_amount}</var>
<arg>${split_ing}[0]${split_ing}[1]</arg>
<doc>Returns the given values which can then be assigned to a variables.</doc>
<msg timestamp="20220127 12:56:20.677" level="INFO">${ing_amount} = 2.5dl</msg>
<status status="PASS" starttime="20220127 12:56:20.677" endtime="20220127 12:56:20.677"/>
</kw>
<kw name="Append To List" library="Collections">
<arg>${ing_names}</arg>
<arg>${ing_name}</arg>
<doc>Adds ``values`` to the end of ``list``.</doc>
<status status="PASS" starttime="20220127 12:56:20.677" endtime="20220127 12:56:20.678"/>
</kw>
<kw name="Append To List" library="Collections">
<arg>${ing_amounts}</arg>
<arg>${ing_amount}</arg>
<doc>Adds ``values`` to the end of ``list``.</doc>
<status status="PASS" starttime="20220127 12:56:20.678" endtime="20220127 12:56:20.678"/>
</kw>
<status status="PASS" starttime="20220127 12:56:20.676" endtime="20220127 12:56:20.678"/>
</iter>
<iter>
<var name="${i}">2</var>
<kw name="Get Line" library="String">
<var>${ing}</var>
<arg>${file_contents}</arg>
<arg>${i}</arg>
<doc>Returns the specified line from the given ``string``.</doc>
<msg timestamp="20220127 12:56:20.678" level="INFO">${ing} = 1 kpl muna</msg>
<status status="PASS" starttime="20220127 12:56:20.678" endtime="20220127 12:56:20.678"/>
</kw>
<kw name="Split String" library="String">
<var>${split_ing}</var>
<arg>${ing}</arg>
<doc>Splits the ``string`` using ``separator`` as a delimiter string.</doc>
<msg timestamp="20220127 12:56:20.679" level="INFO">${split_ing} = ['1', 'kpl', 'muna']</msg>
<status status="PASS" starttime="20220127 12:56:20.678" endtime="20220127 12:56:20.679"/>
</kw>
<kw name="Set Variable" library="BuiltIn">
<var>${ing_name}</var>
<arg>${split_ing}[2]</arg>
<doc>Returns the given values which can then be assigned to a variables.</doc>
<msg timestamp="20220127 12:56:20.679" level="INFO">${ing_name} = muna</msg>
<status status="PASS" starttime="20220127 12:56:20.679" endtime="20220127 12:56:20.679"/>
</kw>
<kw name="Set Variable" library="BuiltIn">
<var>${ing_amount}</var>
<arg>${split_ing}[0]${split_ing}[1]</arg>
<doc>Returns the given values which can then be assigned to a variables.</doc>
<msg timestamp="20220127 12:56:20.679" level="INFO">${ing_amount} = 1kpl</msg>
<status status="PASS" starttime="20220127 12:56:20.679" endtime="20220127 12:56:20.679"/>
</kw>
<kw name="Append To List" library="Collections">
<arg>${ing_names}</arg>
<arg>${ing_name}</arg>
<doc>Adds ``values`` to the end of ``list``.</doc>
<status status="PASS" starttime="20220127 12:56:20.679" endtime="20220127 12:56:20.680"/>
</kw>
<kw name="Append To List" library="Collections">
<arg>${ing_amounts}</arg>
<arg>${ing_amount}</arg>
<doc>Adds ``values`` to the end of ``list``.</doc>
<status status="PASS" starttime="20220127 12:56:20.680" endtime="20220127 12:56:20.680"/>
</kw>
<status status="PASS" starttime="20220127 12:56:20.678" endtime="20220127 12:56:20.680"/>
</iter>
<iter>
<var name="${i}">3</var>
<kw name="Get Line" library="String">
<var>${ing}</var>
<arg>${file_contents}</arg>
<arg>${i}</arg>
<doc>Returns the specified line from the given ``string``.</doc>
<msg timestamp="20220127 12:56:20.680" level="INFO">${ing} = 5 dl vehnäjauho</msg>
<status status="PASS" starttime="20220127 12:56:20.680" endtime="20220127 12:56:20.680"/>
</kw>
<kw name="Split String" library="String">
<var>${split_ing}</var>
<arg>${ing}</arg>
<doc>Splits the ``string`` using ``separator`` as a delimiter string.</doc>
<msg timestamp="20220127 12:56:20.680" level="INFO">${split_ing} = ['5', 'dl', 'vehnäjauho']</msg>
<status status="PASS" starttime="20220127 12:56:20.680" endtime="20220127 12:56:20.680"/>
</kw>
<kw name="Set Variable" library="BuiltIn">
<var>${ing_name}</var>
<arg>${split_ing}[2]</arg>
<doc>Returns the given values which can then be assigned to a variables.</doc>
<msg timestamp="20220127 12:56:20.681" level="INFO">${ing_name} = vehnäjauho</msg>
<status status="PASS" starttime="20220127 12:56:20.681" endtime="20220127 12:56:20.681"/>
</kw>
<kw name="Set Variable" library="BuiltIn">
<var>${ing_amount}</var>
<arg>${split_ing}[0]${split_ing}[1]</arg>
<doc>Returns the given values which can then be assigned to a variables.</doc>
<msg timestamp="20220127 12:56:20.681" level="INFO">${ing_amount} = 5dl</msg>
<status status="PASS" starttime="20220127 12:56:20.681" endtime="20220127 12:56:20.681"/>
</kw>
<kw name="Append To List" library="Collections">
<arg>${ing_names}</arg>
<arg>${ing_name}</arg>
<doc>Adds ``values`` to the end of ``list``.</doc>
<status status="PASS" starttime="20220127 12:56:20.681" endtime="20220127 12:56:20.681"/>
</kw>
<kw name="Append To List" library="Collections">
<arg>${ing_amounts}</arg>
<arg>${ing_amount}</arg>
<doc>Adds ``values`` to the end of ``list``.</doc>
<status status="PASS" starttime="20220127 12:56:20.681" endtime="20220127 12:56:20.682"/>
</kw>
<status status="PASS" starttime="20220127 12:56:20.680" endtime="20220127 12:56:20.682"/>
</iter>
<iter>
<var name="${i}">4</var>
<kw name="Get Line" library="String">
<var>${ing}</var>
<arg>${file_contents}</arg>
<arg>${i}</arg>
<doc>Returns the specified line from the given ``string``.</doc>
<msg timestamp="20220127 12:56:20.682" level="INFO">${ing} = 1 tl leivinjauhe</msg>
<status status="PASS" starttime="20220127 12:56:20.682" endtime="20220127 12:56:20.682"/>
</kw>
<kw name="Split String" library="String">
<var>${split_ing}</var>
<arg>${ing}</arg>
<doc>Splits the ``string`` using ``separator`` as a delimiter string.</doc>
<msg timestamp="20220127 12:56:20.682" level="INFO">${split_ing} = ['1', 'tl', 'leivinjauhe']</msg>
<status status="PASS" starttime="20220127 12:56:20.682" endtime="20220127 12:56:20.682"/>
</kw>
<kw name="Set Variable" library="BuiltIn">
<var>${ing_name}</var>
<arg>${split_ing}[2]</arg>
<doc>Returns the given values which can then be assigned to a variables.</doc>
<msg timestamp="20220127 12:56:20.682" level="INFO">${ing_name} = leivinjauhe</msg>
<status status="PASS" starttime="20220127 12:56:20.682" endtime="20220127 12:56:20.682"/>
</kw>
<kw name="Set Variable" library="BuiltIn">
<var>${ing_amount}</var>
<arg>${split_ing}[0]${split_ing}[1]</arg>
<doc>Returns the given values which can then be assigned to a variables.</doc>
<msg timestamp="20220127 12:56:20.683" level="INFO">${ing_amount} = 1tl</msg>
<status status="PASS" starttime="20220127 12:56:20.683" endtime="20220127 12:56:20.683"/>
</kw>
<kw name="Append To List" library="Collections">
<arg>${ing_names}</arg>
<arg>${ing_name}</arg>
<doc>Adds ``values`` to the end of ``list``.</doc>
<status status="PASS" starttime="20220127 12:56:20.683" endtime="20220127 12:56:20.683"/>
</kw>
<kw name="Append To List" library="Collections">
<arg>${ing_amounts}</arg>
<arg>${ing_amount}</arg>
<doc>Adds ``values`` to the end of ``list``.</doc>
<status status="PASS" starttime="20220127 12:56:20.683" endtime="20220127 12:56:20.683"/>
</kw>
<status status="PASS" starttime="20220127 12:56:20.682" endtime="20220127 12:56:20.683"/>
</iter>
<iter>
<var name="${i}">5</var>
<kw name="Get Line" library="String">
<var>${ing}</var>
<arg>${file_contents}</arg>
<arg>${i}</arg>
<doc>Returns the specified line from the given ``string``.</doc>
<msg timestamp="20220127 12:56:20.684" level="INFO">${ing} = 400 g mustikka</msg>
<status status="PASS" starttime="20220127 12:56:20.683" endtime="20220127 12:56:20.684"/>
</kw>
<kw name="Split String" library="String">
<var>${split_ing}</var>
<arg>${ing}</arg>
<doc>Splits the ``string`` using ``separator`` as a delimiter string.</doc>
<msg timestamp="20220127 12:56:20.684" level="INFO">${split_ing} = ['400', 'g', 'mustikka']</msg>
<status status="PASS" starttime="20220127 12:56:20.684" endtime="20220127 12:56:20.684"/>
</kw>
<kw name="Set Variable" library="BuiltIn">
<var>${ing_name}</var>
<arg>${split_ing}[2]</arg>
<doc>Returns the given values which can then be assigned to a variables.</doc>
<msg timestamp="20220127 12:56:20.684" level="INFO">${ing_name} = mustikka</msg>
<status status="PASS" starttime="20220127 12:56:20.684" endtime="20220127 12:56:20.684"/>
</kw>
<kw name="Set Variable" library="BuiltIn">
<var>${ing_amount}</var>
<arg>${split_ing}[0]${split_ing}[1]</arg>
<doc>Returns the given values which can then be assigned to a variables.</doc>
<msg timestamp="20220127 12:56:20.685" level="INFO">${ing_amount} = 400g</msg>
<status status="PASS" starttime="20220127 12:56:20.684" endtime="20220127 12:56:20.685"/>
</kw>
<kw name="Append To List" library="Collections">
<arg>${ing_names}</arg>
<arg>${ing_name}</arg>
<doc>Adds ``values`` to the end of ``list``.</doc>
<status status="PASS" starttime="20220127 12:56:20.685" endtime="20220127 12:56:20.685"/>
</kw>
<kw name="Append To List" library="Collections">
<arg>${ing_amounts}</arg>
<arg>${ing_amount}</arg>
<doc>Adds ``values`` to the end of ``list``.</doc>
<status status="PASS" starttime="20220127 12:56:20.685" endtime="20220127 12:56:20.685"/>
</kw>
<status status="PASS" starttime="20220127 12:56:20.683" endtime="20220127 12:56:20.685"/>
</iter>
<status status="PASS" starttime="20220127 12:56:20.674" endtime="20220127 12:56:20.685"/>
</for>
<msg timestamp="20220127 12:56:20.685" level="INFO">${names} = ['margariini', 'sokeri', 'muna', 'vehnäjauho', 'leivinjauhe', 'mustikka']</msg>
<msg timestamp="20220127 12:56:20.685" level="INFO">${amounts} = ['250g', '2.5dl', '1kpl', '5dl', '1tl', '400g']</msg>
<status status="PASS" starttime="20220127 12:56:20.672" endtime="20220127 12:56:20.685"/>
</kw>
<kw name="Get Length" library="BuiltIn">
<var>${length}</var>
<arg>${names}</arg>
<doc>Returns and logs the length of the given item as an integer.</doc>
<msg timestamp="20220127 12:56:20.686" level="INFO">Length is 6</msg>
<msg timestamp="20220127 12:56:20.686" level="INFO">${length} = 6</msg>
<status status="PASS" starttime="20220127 12:56:20.686" endtime="20220127 12:56:20.686"/>
</kw>
<kw name="Create List" library="BuiltIn">
<var>${dict_list}</var>
<doc>Returns a list containing given items.</doc>
<msg timestamp="20220127 12:56:20.686" level="INFO">${dict_list} = []</msg>
<status status="PASS" starttime="20220127 12:56:20.686" endtime="20220127 12:56:20.686"/>
</kw>
<for flavor="IN RANGE">
<var>${i}</var>
<value>${length}</value>
<iter>
<var name="${i}">0</var>
<kw name="Type Text" library="QWeb">
<arg>Hae tuotteita, kuten maito, leipä, juusto...</arg>
<arg>${names}[${i}]</arg>
<tag>Input</tag>
<tag>Interaction</tag>
<doc>Type given text to a text field.</doc>
<status status="PASS" starttime="20220127 12:56:20.686" endtime="20220127 12:56:20.771"/>
</kw>
<kw name="Click Element" library="QWeb">
<arg>icon icon-search3</arg>
<arg>tag=span</arg>
<tag>Interaction</tag>
<doc>Click element specified by xpath.</doc>
<status status="PASS" starttime="20220127 12:56:20.772" endtime="20220127 12:56:21.024"/>
</kw>
<kw name="Click Element" library="QWeb">
<arg>${product}</arg>
<tag>Interaction</tag>
<doc>Click element specified by xpath.</doc>
<status status="PASS" starttime="20220127 12:56:21.024" endtime="20220127 12:56:21.886"/>
</kw>
<kw name="Get Text" library="QWeb">
<var>${info}</var>
<arg>js-details</arg>
<arg>tag=div</arg>
<tag>Getters</tag>
<tag>Text</tag>
<doc>Get text from element specified by xpath.</doc>
<msg timestamp="20220127 12:56:23.699" level="INFO">${info} = 0.50 kg1.96€/kg</msg>
<status status="PASS" starttime="20220127 12:56:21.886" endtime="20220127 12:56:23.699"/>
</kw>
<kw name="Fetch From Right" library="String">
<var>${info}</var>
<arg>${info}</arg>
<arg>.</arg>
<doc>Returns contents of the ``string`` after the last occurrence of ``marker``.</doc>
<msg timestamp="20220127 12:56:23.700" level="INFO">${info} = 96€/kg</msg>
<status status="PASS" starttime="20220127 12:56:23.699" endtime="20220127 12:56:23.700"/>
</kw>
<kw name="Get Text" library="QWeb">
<var>${price_num}</var>
<arg>whole-number</arg>
<arg>tag=span</arg>
<tag>Getters</tag>
<tag>Text</tag>
<doc>Get text from element specified by xpath.</doc>
<msg timestamp="20220127 12:56:23.839" level="INFO">${price_num} = 0</msg>
<status status="PASS" starttime="20220127 12:56:23.700" endtime="20220127 12:56:23.839"/>
</kw>
<kw name="Get Text" library="QWeb">
<var>${price_dec}</var>
<arg>decimal</arg>
<arg>tag=span</arg>
<tag>Getters</tag>
<tag>Text</tag>
<doc>Get text from element specified by xpath.</doc>
<msg timestamp="20220127 12:56:23.971" level="INFO">${price_dec} = 98</msg>
<status status="PASS" starttime="20220127 12:56:23.839" endtime="20220127 12:56:23.971"/>
</kw>
<kw name="Set Variable" library="BuiltIn">
<var>${price}</var>
<arg>${price_num}.${price_dec}</arg>
<doc>Returns the given values which can then be assigned to a variables.</doc>
<msg timestamp="20220127 12:56:23.972" level="INFO">${price} = 0.98</msg>
<status status="PASS" starttime="20220127 12:56:23.971" endtime="20220127 12:56:23.972"/>
</kw>
<kw name="Get Text" library="QWeb">
<var>${weight}</var>
<arg>js-quantity</arg>
<arg>tag=div</arg>
<tag>Getters</tag>
<tag>Text</tag>
<doc>Get text from element specified by xpath.</doc>
<msg timestamp="20220127 12:56:24.314" level="INFO">${weight} = 0.50 kg</msg>
<status status="PASS" starttime="20220127 12:56:23.972" endtime="20220127 12:56:24.314"/>
</kw>
<kw name="Create Dictionary" library="BuiltIn">
<var>&amp;{dict}</var>
<arg>ingredient</arg>
<arg>${names}[${i}]</arg>
<arg>price</arg>
<arg>${price}</arg>
<arg>weight</arg>
<arg>${weight}</arg>
<doc>Creates and returns a dictionary based on the given ``items``.</doc>
<msg timestamp="20220127 12:56:24.315" level="INFO">&amp;{dict} = { ingredient=margariini | price=0.98 | weight=0.50 kg }</msg>
<status status="PASS" starttime="20220127 12:56:24.314" endtime="20220127 12:56:24.315"/>
</kw>
<kw name="Append To List" library="Collections">
<arg>${dict_list}</arg>
<arg>${dict}</arg>
<doc>Adds ``values`` to the end of ``list``.</doc>
<status status="PASS" starttime="20220127 12:56:24.315" endtime="20220127 12:56:24.315"/>
</kw>
<status status="PASS" starttime="20220127 12:56:20.686" endtime="20220127 12:56:24.315"/>
</iter>
<iter>
<var name="${i}">1</var>
<kw name="Type Text" library="QWeb">
<arg>Hae tuotteita, kuten maito, leipä, juusto...</arg>
<arg>${names}[${i}]</arg>
<tag>Input</tag>
<tag>Interaction</tag>
<doc>Type given text to a text field.</doc>
<status status="PASS" starttime="20220127 12:56:24.315" endtime="20220127 12:56:24.389"/>
</kw>
<kw name="Click Element" library="QWeb">
<arg>icon icon-search3</arg>
<arg>tag=span</arg>
<tag>Interaction</tag>
<doc>Click element specified by xpath.</doc>
<kw name="Log Screenshot" library="QWeb">
<tag>Logging</tag>
<doc>Log screenshot to Robot Framework log.</doc>
<status status="FAIL" starttime="20220127 12:56:24.656" endtime="20220127 12:56:24.657"/>
</kw>
<status status="FAIL" starttime="20220127 12:56:24.389" endtime="20220127 12:56:24.657"/>
</kw>
<kw name="Click Element" library="QWeb">
<arg>${product}</arg>
<tag>Interaction</tag>
<doc>Click element specified by xpath.</doc>
<status status="NOT RUN" starttime="20220127 12:56:24.657" endtime="20220127 12:56:24.657"/>
</kw>
<kw name="Get Text" library="QWeb">
<var>${info}</var>
<arg>js-details</arg>
<arg>tag=div</arg>
<tag>Getters</tag>
<tag>Text</tag>
<doc>Get text from element specified by xpath.</doc>
<status status="NOT RUN" starttime="20220127 12:56:24.657" endtime="20220127 12:56:24.657"/>
</kw>
<kw name="Fetch From Right" library="String">
<var>${info}</var>
<arg>${info}</arg>
<arg>.</arg>
<doc>Returns contents of the ``string`` after the last occurrence of ``marker``.</doc>
<status status="NOT RUN" starttime="20220127 12:56:24.657" endtime="20220127 12:56:24.657"/>
</kw>
<kw name="Get Text" library="QWeb">
<var>${price_num}</var>
<arg>whole-number</arg>
<arg>tag=span</arg>
<tag>Getters</tag>
<tag>Text</tag>
<doc>Get text from element specified by xpath.</doc>
<status status="NOT RUN" starttime="20220127 12:56:24.657" endtime="20220127 12:56:24.657"/>
</kw>
<kw name="Get Text" library="QWeb">
<var>${price_dec}</var>
<arg>decimal</arg>
<arg>tag=span</arg>
<tag>Getters</tag>
<tag>Text</tag>
<doc>Get text from element specified by xpath.</doc>
<status status="NOT RUN" starttime="20220127 12:56:24.657" endtime="20220127 12:56:24.657"/>
</kw>
<kw name="Set Variable" library="BuiltIn">
<var>${price}</var>
<arg>${price_num}.${price_dec}</arg>
<doc>Returns the given values which can then be assigned to a variables.</doc>
<status status="NOT RUN" starttime="20220127 12:56:24.657" endtime="20220127 12:56:24.657"/>
</kw>
<kw name="Get Text" library="QWeb">
<var>${weight}</var>
<arg>js-quantity</arg>
<arg>tag=div</arg>
<tag>Getters</tag>
<tag>Text</tag>
<doc>Get text from element specified by xpath.</doc>
<status status="NOT RUN" starttime="20220127 12:56:24.658" endtime="20220127 12:56:24.658"/>
</kw>
<kw name="Create Dictionary" library="BuiltIn">
<var>&amp;{dict}</var>
<arg>ingredient</arg>
<arg>${names}[${i}]</arg>
<arg>price</arg>
<arg>${price}</arg>
<arg>weight</arg>
<arg>${weight}</arg>
<doc>Creates and returns a dictionary based on the given ``items``.</doc>
<status status="NOT RUN" starttime="20220127 12:56:24.658" endtime="20220127 12:56:24.658"/>
</kw>
<kw name="Append To List" library="Collections">
<arg>${dict_list}</arg>
<arg>${dict}</arg>
<doc>Adds ``values`` to the end of ``list``.</doc>
<status status="NOT RUN" starttime="20220127 12:56:24.658" endtime="20220127 12:56:24.658"/>
</kw>
<status status="FAIL" starttime="20220127 12:56:24.315" endtime="20220127 12:56:24.658"/>
</iter>
<status status="FAIL" starttime="20220127 12:56:20.686" endtime="20220127 12:56:24.658"/>
</for>
<kw name="Log To Console" library="BuiltIn">
<arg>${dict_list}</arg>
<doc>Logs the given message to the console.</doc>
<status status="NOT RUN" starttime="20220127 12:56:24.658" endtime="20220127 12:56:24.658"/>
</kw>
<status status="FAIL" starttime="20220127 12:56:20.672" endtime="20220127 12:56:24.658"/>
</kw>
<status status="FAIL" starttime="20220127 12:56:14.983" endtime="20220127 12:56:24.659">Execution terminated by signal</status>
</test>
<status status="FAIL" starttime="20220127 12:56:05.051" endtime="20220127 12:56:24.659"/>
</suite>
<statistics>
<total>
<stat pass="0" fail="1" skip="0">All Tests</stat>
</total>
<tag>
</tag>
<suite>
<stat pass="0" fail="1" skip="0" id="s1" name="Ex4 Test">Ex4 Test</stat>
</suite>
</statistics>
<errors>
</errors>
</robot>
