<?xml version="1.0" encoding="UTF-8"?>
<robot generator="Robot 4.1.3 (Python 3.9.9 on win32)" generated="20220127 17:00:24.210" rpa="false" schemaversion="2">
<suite id="s1" name="Ex1" source="C:\Users\emil.besic\test_auto_exercises\Exercise_set_1\ex1.robot">
<test id="s1-t1" name="Check captcha error message">
<kw name="Open browser to main page">
<kw name="Open Browser" library="QWeb">
<arg>${url}</arg>
<arg>${BROWSER}</arg>
<tag>Browser</tag>
<tag>Interaction</tag>
<doc>Open new browser to given url.</doc>
<msg timestamp="20220127 17:00:24.716" level="INFO">
QWeb version number: 1.2.4</msg>
<msg timestamp="20220127 17:00:25.776" level="INFO">Browser: chrome</msg>
<msg timestamp="20220127 17:00:25.776" level="INFO">Browser version: 97.0.4692.99</msg>
<msg timestamp="20220127 17:00:25.776" level="INFO">Chromedriver version: 96.0.4664.45 (76e4c1bb2ab4671b8beba3444e61c0f17584b2fc-refs/branch-heads/4664@{#947})</msg>
<status status="PASS" starttime="20220127 17:00:24.715" endtime="20220127 17:00:28.492"/>
</kw>
<kw name="Sleep" library="BuiltIn">
<arg>2s</arg>
<doc>Pauses the test executed for the given time.</doc>
<msg timestamp="20220127 17:00:30.500" level="INFO">Slept 2 seconds</msg>
<status status="PASS" starttime="20220127 17:00:28.493" endtime="20220127 17:00:30.500"/>
</kw>
<kw name="Click Text" library="QWeb">
<arg>Hyväksy</arg>
<tag>Interaction</tag>
<tag>Text</tag>
<doc>Click text on web page.</doc>
<status status="PASS" starttime="20220127 17:00:30.500" endtime="20220127 17:00:30.566"/>
</kw>
<status status="PASS" starttime="20220127 17:00:24.715" endtime="20220127 17:00:30.566"/>
</kw>
<kw name="Navigate to Fakta">
<kw name="Click Text" library="QWeb">
<arg>Mainostajat</arg>
<tag>Interaction</tag>
<tag>Text</tag>
<doc>Click text on web page.</doc>
<status status="PASS" starttime="20220127 17:00:30.567" endtime="20220127 17:00:30.620"/>
</kw>
<kw name="Click Text" library="QWeb">
<arg>Alman Mediat ja Palvelut</arg>
<tag>Interaction</tag>
<tag>Text</tag>
<doc>Click text on web page.</doc>
<status status="PASS" starttime="20220127 17:00:30.620" endtime="20220127 17:00:30.666"/>
</kw>
<kw name="Click Text" library="QWeb">
<arg>Talous- ja ammattilaismediat</arg>
<tag>Interaction</tag>
<tag>Text</tag>
<doc>Click text on web page.</doc>
<status status="PASS" starttime="20220127 17:00:30.666" endtime="20220127 17:00:30.715"/>
</kw>
<kw name="Click Text" library="QWeb">
<arg>Kauppalehti Fakta</arg>
<tag>Interaction</tag>
<tag>Text</tag>
<doc>Click text on web page.</doc>
<status status="PASS" starttime="20220127 17:00:30.715" endtime="20220127 17:00:31.108"/>
</kw>
<status status="PASS" starttime="20220127 17:00:30.567" endtime="20220127 17:00:31.108"/>
</kw>
<kw name="Fill form and check if form is sent">
<kw name="Type Text" library="QWeb">
<arg>Nimi</arg>
<arg>Emil</arg>
<tag>Input</tag>
<tag>Interaction</tag>
<doc>Type given text to a text field.</doc>
<status status="PASS" starttime="20220127 17:00:31.109" endtime="20220127 17:00:31.239"/>
</kw>
<kw name="Type Text" library="QWeb">
<arg>Puhelinnumero</arg>
<arg>0401234567</arg>
<tag>Input</tag>
<tag>Interaction</tag>
<doc>Type given text to a text field.</doc>
<status status="PASS" starttime="20220127 17:00:31.239" endtime="20220127 17:00:31.422"/>
</kw>
<kw name="Type Text" library="QWeb">
<arg>Sähköposti</arg>
<arg>emil.besic@gofore.com</arg>
<tag>Input</tag>
<tag>Interaction</tag>
<doc>Type given text to a text field.</doc>
<status status="PASS" starttime="20220127 17:00:31.423" endtime="20220127 17:00:31.539"/>
</kw>
<kw name="Type Text" library="QWeb">
<arg>Yritys</arg>
<arg>Gofore</arg>
<tag>Input</tag>
<tag>Interaction</tag>
<doc>Type given text to a text field.</doc>
<status status="PASS" starttime="20220127 17:00:31.539" endtime="20220127 17:00:31.649"/>
</kw>
<kw name="Type Text" library="QWeb">
<arg>Viesti</arg>
<arg>robot test</arg>
<tag>Input</tag>
<tag>Interaction</tag>
<doc>Type given text to a text field.</doc>
<status status="PASS" starttime="20220127 17:00:31.649" endtime="20220127 17:00:31.786"/>
</kw>
<kw name="Click Text" library="QWeb">
<arg>Lähetä</arg>
<tag>Interaction</tag>
<tag>Text</tag>
<doc>Click text on web page.</doc>
<status status="PASS" starttime="20220127 17:00:31.786" endtime="20220127 17:00:32.433"/>
</kw>
<kw name="Verify Text" library="QWeb">
<arg>Ongelma lomakkeen täytössä. Ole hyvä ja tarkista alla olevat kentät.</arg>
<tag>Text</tag>
<tag>Verification</tag>
<doc>Verify page contains given text.</doc>
<status status="PASS" starttime="20220127 17:00:32.433" endtime="20220127 17:00:32.600"/>
</kw>
<kw name="Close Browser" library="QWeb">
<tag>Browser</tag>
<tag>Interaction</tag>
<doc>Close current browser.</doc>
<msg timestamp="20220127 17:00:32.601" level="INFO">${BROWSER_REUSE} = False</msg>
<status status="PASS" starttime="20220127 17:00:32.600" endtime="20220127 17:00:34.742"/>
</kw>
<status status="PASS" starttime="20220127 17:00:31.108" endtime="20220127 17:00:34.743"/>
</kw>
<status status="PASS" starttime="20220127 17:00:24.715" endtime="20220127 17:00:34.743"/>
</test>
<doc>Test Automation exercises part 1</doc>
<status status="PASS" starttime="20220127 17:00:24.211" endtime="20220127 17:00:34.745"/>
</suite>
<statistics>
<total>
<stat pass="1" fail="0" skip="0">All Tests</stat>
</total>
<tag>
</tag>
<suite>
<stat pass="1" fail="0" skip="0" id="s1" name="Ex1">Ex1</stat>
</suite>
</statistics>
<errors>
</errors>
</robot>
