<?xml version="1.0" encoding="UTF-8"?>
<robot generator="Robot 4.1.3 (Python 3.9.9 on win32)" generated="20220124 15:49:39.190" rpa="false" schemaversion="2">
<suite id="s1" name="Robot Interactive Console" source="c:\Users\emil.besic\.vscode\extensions\robocorp.robotframework-lsp-0.37.0\src\robotframework_ls\vendored\robotframework_interactive\robot_interactive_console.robot">
<test id="s1-t1" name="Default Task/Test">
<kw name="Interpreter Main Loop" library="MainLoop">
<kw name="Open browser to main page">
<msg timestamp="20220124 15:49:39.820" level="FAIL">No keyword with name 'Open browser to main page' found.</msg>
<status status="FAIL" starttime="20220124 15:49:39.820" endtime="20220124 15:49:39.820"/>
</kw>
<kw name="Go to Gofore Us and verify">
<status status="NOT RUN" starttime="20220124 15:49:39.823" endtime="20220124 15:49:39.823"/>
</kw>
<kw name="Log Info">
<status status="NOT RUN" starttime="20220124 15:49:39.824" endtime="20220124 15:49:39.824"/>
</kw>
<status status="PASS" starttime="20220124 15:49:39.209" endtime="20220124 15:49:46.113"/>
</kw>
<status status="PASS" starttime="20220124 15:49:39.209" endtime="20220124 15:49:46.114"/>
</test>
<status status="PASS" starttime="20220124 15:49:39.191" endtime="20220124 15:49:46.116"/>
</suite>
<statistics>
<total>
<stat pass="1" fail="0" skip="0">All Tests</stat>
</total>
<tag>
</tag>
<suite>
<stat pass="1" fail="0" skip="0" id="s1" name="Robot Interactive Console">Robot Interactive Console</stat>
</suite>
</statistics>
<errors>
</errors>
</robot>
