<?xml version="1.0" encoding="UTF-8"?>
<robot generator="Robot 4.1.3 (Python 3.9.9 on win32)" generated="20220121 09:40:05.209" rpa="false" schemaversion="2">
<suite id="s1" name="Ex6" source="C:\Users\emil.besic\test_auto_exercises\Exercise_set_2\ex6.robot">
<test id="s1-t1" name="Dowload tutkimus-pdf and check content and remove the file">
<kw name="Open browser to main page">
<kw name="Open Browser" library="QWeb">
<arg>${url}</arg>
<arg>${BROWSER}</arg>
<tag>Browser</tag>
<tag>Interaction</tag>
<doc>Open new browser to given url.</doc>
<msg timestamp="20220121 09:40:05.753" level="INFO">
QWeb version number: 1.2.4</msg>
<msg timestamp="20220121 09:40:06.814" level="INFO">Browser: chrome</msg>
<msg timestamp="20220121 09:40:06.814" level="INFO">Browser version: 97.0.4692.71</msg>
<msg timestamp="20220121 09:40:06.814" level="INFO">Chromedriver version: 96.0.4664.45 (76e4c1bb2ab4671b8beba3444e61c0f17584b2fc-refs/branch-heads/4664@{#947})</msg>
<status status="PASS" starttime="20220121 09:40:05.752" endtime="20220121 09:40:07.805"/>
</kw>
<kw name="Sleep" library="BuiltIn">
<arg>2s</arg>
<doc>Pauses the test executed for the given time.</doc>
<msg timestamp="20220121 09:40:09.820" level="INFO">Slept 2 seconds</msg>
<status status="PASS" starttime="20220121 09:40:07.805" endtime="20220121 09:40:09.820"/>
</kw>
<status status="PASS" starttime="20220121 09:40:05.752" endtime="20220121 09:40:09.820"/>
</kw>
<kw name="Navigate to tutkimussuunnitelman muutos">
<kw name="Click Text" library="QWeb">
<arg>Tietoa meistä</arg>
<tag>Interaction</tag>
<tag>Text</tag>
<doc>Click text on web page.</doc>
<status status="PASS" starttime="20220121 09:40:09.821" endtime="20220121 09:40:11.381"/>
</kw>
<kw name="Click Text" library="QWeb">
<arg>Potilashoito, laatu ja potilasturvallisuus</arg>
<tag>Interaction</tag>
<tag>Text</tag>
<doc>Click text on web page.</doc>
<status status="PASS" starttime="20220121 09:40:11.381" endtime="20220121 09:40:13.592"/>
</kw>
<kw name="Click Text" library="QWeb">
<arg>HUS Logistiikka</arg>
<tag>Interaction</tag>
<tag>Text</tag>
<doc>Click text on web page.</doc>
<status status="PASS" starttime="20220121 09:40:13.592" endtime="20220121 09:40:16.191"/>
</kw>
<kw name="Click Text" library="QWeb">
<arg>ISO 9001:2015 -standardi</arg>
<tag>Interaction</tag>
<tag>Text</tag>
<doc>Click text on web page.</doc>
<status status="PASS" starttime="20220121 09:40:16.192" endtime="20220121 09:40:16.235"/>
</kw>
<status status="PASS" starttime="20220121 09:40:09.821" endtime="20220121 09:40:16.235"/>
</kw>
<kw name="Download Pdf">
<kw name="Click Text" library="QWeb">
<arg>hus-logistiikka-iso-9001-sertifikaatti-2021-2024</arg>
<arg>(pdf 105.6 KB)</arg>
<tag>Interaction</tag>
<tag>Text</tag>
<doc>Click text on web page.</doc>
<status status="PASS" starttime="20220121 09:40:16.236" endtime="20220121 09:40:16.443"/>
</kw>
<kw name="Use Pdf" library="QWeb">
<arg>hus-logistiikka-iso-9001-sertifikaatti-2021-2024.pdf</arg>
<tag>File</tag>
<doc>Define pdf file for all other pdf keywords.</doc>
<msg timestamp="20220121 09:40:16.444" level="INFO">Downloads directory is \Users\emil.besic\Downloads</msg>
<kw name="Log Screenshot" library="QWeb">
<tag>Logging</tag>
<doc>Log screenshot to Robot Framework log.</doc>
<msg timestamp="20220121 09:40:16.596" level="INFO">Saved screenshot to C:\Users\emil.besic\test_auto_exercises\Exercise_set_2\screenshots\screenshot-Dowload_tutkimus-pdf_and_check_content_and_remove_the_file-1fd86c3b-7351-4733-88ce-bbf5b3480264.png</msg>
<msg timestamp="20220121 09:40:16.599" level="INFO">Current url is: https://www.hus.fi/tietoa-meista/potilashoito-laatu-ja-potilasturvallisuus/hus-logistiikka</msg>
<msg timestamp="20220121 09:40:16.600" level="INFO" html="true">&lt;a href="screenshots/screenshot-Dowload_tutkimus-pdf_and_check_content_and_remove_the_file-1fd86c3b-7351-4733-88ce-bbf5b3480264.png"&gt;&lt;img src="screenshots/screenshot-Dowload_tutkimus-pdf_and_check_content_and_remove_the_file-1fd86c3b-7351-4733-88ce-bbf5b3480264.png" width="800px"&gt;&lt;/a&gt;</msg>
<status status="PASS" starttime="20220121 09:40:16.446" endtime="20220121 09:40:16.600"/>
</kw>
<msg timestamp="20220121 09:40:16.602" level="FAIL">QWebFileNotFoundError: File not found from default folders. Set variable for base image path</msg>
<status status="FAIL" starttime="20220121 09:40:16.443" endtime="20220121 09:40:16.602"/>
</kw>
<kw name="Verify Pdf Text" library="QWeb">
<arg>HUS Logistiikka</arg>
<tag>File</tag>
<tag>Verification</tag>
<doc>Verify text from pdf file.</doc>
<status status="NOT RUN" starttime="20220121 09:40:16.602" endtime="20220121 09:40:16.602"/>
</kw>
<kw name="Verify Pdf Text" library="QWeb">
<arg>Uutistie 5, Vantaa</arg>
<tag>File</tag>
<tag>Verification</tag>
<doc>Verify text from pdf file.</doc>
<status status="NOT RUN" starttime="20220121 09:40:16.602" endtime="20220121 09:40:16.602"/>
</kw>
<kw name="Verify Pdf Text" library="QWeb">
<arg>Auroran sairaala</arg>
<tag>File</tag>
<tag>Verification</tag>
<doc>Verify text from pdf file.</doc>
<status status="NOT RUN" starttime="20220121 09:40:16.602" endtime="20220121 09:40:16.602"/>
</kw>
<kw name="Verify Pdf Text" library="QWeb">
<arg>Voimakeskus</arg>
<tag>File</tag>
<tag>Verification</tag>
<doc>Verify text from pdf file.</doc>
<status status="NOT RUN" starttime="20220121 09:40:16.602" endtime="20220121 09:40:16.602"/>
</kw>
<kw name="Remove File" library="QWeb">
<tag>File</tag>
<tag>Interaction</tag>
<doc>Remove a file.</doc>
<status status="NOT RUN" starttime="20220121 09:40:16.603" endtime="20220121 09:40:16.603"/>
</kw>
<status status="FAIL" starttime="20220121 09:40:16.235" endtime="20220121 09:40:16.603"/>
</kw>
<status status="FAIL" starttime="20220121 09:40:05.752" endtime="20220121 09:40:16.603">QWebFileNotFoundError: File not found from default folders. Set variable for base image path</status>
</test>
<doc>Test Automation exercises part 2</doc>
<status status="FAIL" starttime="20220121 09:40:05.211" endtime="20220121 09:40:16.605"/>
</suite>
<statistics>
<total>
<stat pass="0" fail="1" skip="0">All Tests</stat>
</total>
<tag>
</tag>
<suite>
<stat pass="0" fail="1" skip="0" id="s1" name="Ex6">Ex6</stat>
</suite>
</statistics>
<errors>
</errors>
</robot>
