<?xml version="1.0" encoding="UTF-8"?>
<robot generator="Robot 4.1.3 (Python 3.9.9 on win32)" generated="20220127 17:01:30.324" rpa="false" schemaversion="2">
<suite id="s1" name="Ex1" source="C:\Users\emil.besic\test_auto_exercises\Exercise_set_1\ex1.robot">
<test id="s1-t1" name="Check captcha error message">
<kw name="Open browser to main page">
<kw name="Open Browser" library="QWeb">
<arg>${url}</arg>
<arg>${BROWSER}</arg>
<tag>Browser</tag>
<tag>Interaction</tag>
<doc>Open new browser to given url.</doc>
<msg timestamp="20220127 17:01:30.811" level="INFO">
QWeb version number: 1.2.4</msg>
<msg timestamp="20220127 17:01:31.930" level="INFO">Browser: chrome</msg>
<msg timestamp="20220127 17:01:31.930" level="INFO">Browser version: 97.0.4692.99</msg>
<msg timestamp="20220127 17:01:31.930" level="INFO">Chromedriver version: 96.0.4664.45 (76e4c1bb2ab4671b8beba3444e61c0f17584b2fc-refs/branch-heads/4664@{#947})</msg>
<status status="PASS" starttime="20220127 17:01:30.810" endtime="20220127 17:01:33.296"/>
</kw>
<kw name="Sleep" library="BuiltIn">
<arg>2s</arg>
<doc>Pauses the test executed for the given time.</doc>
<msg timestamp="20220127 17:01:35.302" level="INFO">Slept 2 seconds</msg>
<status status="PASS" starttime="20220127 17:01:33.296" endtime="20220127 17:01:35.302"/>
</kw>
<kw name="Click Text" library="QWeb">
<arg>Hyväksy</arg>
<tag>Interaction</tag>
<tag>Text</tag>
<doc>Click text on web page.</doc>
<status status="PASS" starttime="20220127 17:01:35.302" endtime="20220127 17:01:35.371"/>
</kw>
<status status="PASS" starttime="20220127 17:01:30.809" endtime="20220127 17:01:35.371"/>
</kw>
<kw name="Navigate to Fakta">
<kw name="Click Text" library="QWeb">
<arg>Mainostajat</arg>
<tag>Interaction</tag>
<tag>Text</tag>
<doc>Click text on web page.</doc>
<status status="PASS" starttime="20220127 17:01:35.372" endtime="20220127 17:01:35.414"/>
</kw>
<kw name="Click Text" library="QWeb">
<arg>Alman Mediat ja Palvelut</arg>
<tag>Interaction</tag>
<tag>Text</tag>
<doc>Click text on web page.</doc>
<status status="PASS" starttime="20220127 17:01:35.414" endtime="20220127 17:01:35.460"/>
</kw>
<kw name="Click Text" library="QWeb">
<arg>Talous- ja ammattilaismediat</arg>
<tag>Interaction</tag>
<tag>Text</tag>
<doc>Click text on web page.</doc>
<status status="PASS" starttime="20220127 17:01:35.460" endtime="20220127 17:01:35.512"/>
</kw>
<kw name="Click Text" library="QWeb">
<arg>Kauppalehti Fakta</arg>
<tag>Interaction</tag>
<tag>Text</tag>
<doc>Click text on web page.</doc>
<status status="PASS" starttime="20220127 17:01:35.512" endtime="20220127 17:01:35.878"/>
</kw>
<status status="PASS" starttime="20220127 17:01:35.372" endtime="20220127 17:01:35.878"/>
</kw>
<kw name="Fill form and check if form is sent">
<kw name="Type Text" library="QWeb">
<arg>Nimi</arg>
<arg>Emil</arg>
<tag>Input</tag>
<tag>Interaction</tag>
<doc>Type given text to a text field.</doc>
<status status="PASS" starttime="20220127 17:01:35.879" endtime="20220127 17:01:36.024"/>
</kw>
<kw name="Type Text" library="QWeb">
<arg>Puhelinnumero</arg>
<arg>0401234567</arg>
<tag>Input</tag>
<tag>Interaction</tag>
<doc>Type given text to a text field.</doc>
<status status="PASS" starttime="20220127 17:01:36.024" endtime="20220127 17:01:36.228"/>
</kw>
<kw name="Type Text" library="QWeb">
<arg>Sähköposti</arg>
<arg>emil.besic@gofore.com</arg>
<tag>Input</tag>
<tag>Interaction</tag>
<doc>Type given text to a text field.</doc>
<status status="PASS" starttime="20220127 17:01:36.228" endtime="20220127 17:01:36.343"/>
</kw>
<kw name="Type Text" library="QWeb">
<arg>Yritys</arg>
<arg>Gofore</arg>
<tag>Input</tag>
<tag>Interaction</tag>
<doc>Type given text to a text field.</doc>
<status status="PASS" starttime="20220127 17:01:36.344" endtime="20220127 17:01:36.461"/>
</kw>
<kw name="Type Text" library="QWeb">
<arg>Viesti</arg>
<arg>robot test</arg>
<tag>Input</tag>
<tag>Interaction</tag>
<doc>Type given text to a text field.</doc>
<status status="PASS" starttime="20220127 17:01:36.461" endtime="20220127 17:01:36.566"/>
</kw>
<kw name="Click Text" library="QWeb">
<arg>Lähetä</arg>
<tag>Interaction</tag>
<tag>Text</tag>
<doc>Click text on web page.</doc>
<status status="PASS" starttime="20220127 17:01:36.566" endtime="20220127 17:01:37.287"/>
</kw>
<kw name="Verify Text" library="QWeb">
<arg>Ongelma lomakkeen täytössä. Ole hyvä ja tarkista alla olevat kentät.</arg>
<tag>Text</tag>
<tag>Verification</tag>
<doc>Verify page contains given text.</doc>
<status status="PASS" starttime="20220127 17:01:37.287" endtime="20220127 17:01:37.458"/>
</kw>
<kw name="Close Browser" library="QWeb">
<tag>Browser</tag>
<tag>Interaction</tag>
<doc>Close current browser.</doc>
<msg timestamp="20220127 17:01:37.459" level="INFO">${BROWSER_REUSE} = False</msg>
<status status="PASS" starttime="20220127 17:01:37.458" endtime="20220127 17:01:39.588"/>
</kw>
<status status="PASS" starttime="20220127 17:01:35.879" endtime="20220127 17:01:39.588"/>
</kw>
<status status="PASS" starttime="20220127 17:01:30.809" endtime="20220127 17:01:39.589"/>
</test>
<doc>Test Automation exercises part 1</doc>
<status status="PASS" starttime="20220127 17:01:30.325" endtime="20220127 17:01:39.591"/>
</suite>
<statistics>
<total>
<stat pass="1" fail="0" skip="0">All Tests</stat>
</total>
<tag>
</tag>
<suite>
<stat pass="1" fail="0" skip="0" id="s1" name="Ex1">Ex1</stat>
</suite>
</statistics>
<errors>
</errors>
</robot>
